Using pre-set license
Built from '2020.2/release' branch; Version is '2020.2.1f1 (270dd8c3da1c) revision 2559448'; Using compiler version '192528614'; Build Type 'Release'
OS: 'Windows 10  (10.0.0) 64bit' Language: 'en' Physical Memory: 16335 MB
BatchMode: 1, IsHumanControllingUs: 0, StartBugReporterOnCrash: 0, Is64bit: 1, IsPro: 0

 COMMAND LINE ARGUMENTS:
E:\Program Files\Unity\2020.1.14f1\Editor\Unity.exe
-adb2
-batchMode
-noUpm
-name
AssetImportWorker0
-projectPath
E:/Users/mandh/Masters-Thesis-Reinforcemenet-Learning/Tanks DRL
-logFile
Logs/AssetImportWorker0.log
-srvPort
54542
Successfully changed project path to: E:/Users/mandh/Masters-Thesis-Reinforcemenet-Learning/Tanks DRL
E:/Users/mandh/Masters-Thesis-Reinforcemenet-Learning/Tanks DRL
Using Asset Import Pipeline V2.
Refreshing native plugins compatible for Editor in 93.29 ms, found 1 plugins.
Preloading 0 native plugins for Editor in 0.00 ms.
Initialize engine version: 2020.2.1f1 (270dd8c3da1c)
[Subsystems] Discovering subsystems at path E:/Program Files/Unity/2020.1.14f1/Editor/Data/Resources/UnitySubsystems
[Subsystems] Discovering subsystems at path E:/Users/mandh/Masters-Thesis-Reinforcemenet-Learning/Tanks DRL/Assets
GfxDevice: creating device client; threaded=0
Direct3D:
    Version:  Direct3D 11.0 [level 11.1]
    Renderer: NVIDIA GeForce GTX 1060 6GB (ID=0x1c03)
    Vendor:   
    VRAM:     6052 MB
    Driver:   27.21.14.6589
Initialize mono
Mono path[0] = 'E:/Program Files/Unity/2020.1.14f1/Editor/Data/Managed'
Mono path[1] = 'E:/Program Files/Unity/2020.1.14f1/Editor/Data/MonoBleedingEdge/lib/mono/unityjit'
Mono config path = 'E:/Program Files/Unity/2020.1.14f1/Editor/Data/MonoBleedingEdge/etc'
Using monoOptions --debugger-agent=transport=dt_socket,embedding=1,server=y,suspend=n,address=127.0.0.1:56524
Begin MonoManager ReloadAssembly
Registering precompiled unity dll's ...
Register platform support module: E:/Program Files/Unity/2020.1.14f1/Editor/Data/PlaybackEngines/WindowsStandaloneSupport/UnityEditor.WindowsStandalone.Extensions.dll
Registered in 0.001587 seconds.
Native extension for WindowsStandalone target not found
Refreshing native plugins compatible for Editor in 90.38 ms, found 1 plugins.
Preloading 0 native plugins for Editor in 0.00 ms.
Invoked RoslynAnalysisRunner static constructor.
RoslynAnalysisRunner will not be running.
RoslynAnalysisRunner has terminated.
Mono: successfully reloaded assembly
- Completed reload, in  1.839 seconds
Platform modules already initialized, skipping
Registering precompiled user dll's ...
Registered in 0.011598 seconds.
Begin MonoManager ReloadAssembly
Native extension for WindowsStandalone target not found
Refreshing native plugins compatible for Editor in 94.03 ms, found 1 plugins.
Preloading 0 native plugins for Editor in 0.00 ms.
Invoked RoslynAnalysisRunner static constructor.
RoslynAnalysisRunner will not be running.
RoslynAnalysisRunner has terminated.
Mono: successfully reloaded assembly
- Completed reload, in  1.878 seconds
Platform modules already initialized, skipping
========================================================================
Worker process is ready to serve import requests
Launched and connected shader compiler UnityShaderCompiler.exe after 0.10 seconds
Refreshing native plugins compatible for Editor in 0.86 ms, found 1 plugins.
Preloading 0 native plugins for Editor in 0.00 ms.
Unloading 3496 Unused Serialized files (Serialized files now loaded: 0)
System memory in use before: 173.1 MB.
System memory in use after: 170.9 MB.

Unloading 57 unused Assets to reduce memory usage. Loaded Objects now: 3922.
Total: 5.153100 ms (FindLiveObjects: 0.407100 ms CreateObjectMapping: 0.105600 ms MarkObjects: 2.639400 ms  DeleteObjects: 1.999600 ms)

========================================================================
Received Import Request.
  path: Assets/Resources/Prefabs/Raw Models/IS-7.blend
  artifactKey: Guid(5e10c679ddf38044488bd9f10b6ba1d8) Importer(815301076,1909f56bfc062723c751e8b465ee728b)
Start importing Assets/Resources/Prefabs/Raw Models/IS-7.blend using Guid(5e10c679ddf38044488bd9f10b6ba1d8) Importer(815301076,1909f56bfc062723c751e8b465ee728b)  -> (artifact id: '63de73e84b4c0beb1851a7437e2ebace') in 1.556011 seconds
  Import took 1.564404 seconds .

========================================================================
Received Import Request.
  Time since last request: 19.064212 seconds.
  path: Assets/Resources/Prefabs/Raw Models/IS-7.blend
  artifactKey: Guid(5e10c679ddf38044488bd9f10b6ba1d8) Importer(815301076,1909f56bfc062723c751e8b465ee728b)
Start importing Assets/Resources/Prefabs/Raw Models/IS-7.blend using Guid(5e10c679ddf38044488bd9f10b6ba1d8) Importer(815301076,1909f56bfc062723c751e8b465ee728b)  -> (artifact id: 'f1fe4da31c3fdb56109957e8a0857528') in 0.325988 seconds
  Import took 0.333051 seconds .

========================================================================
Received Prepare
Registering precompiled user dll's ...
Registered in 0.013655 seconds.
Begin MonoManager ReloadAssembly
Native extension for WindowsStandalone target not found
Refreshing native plugins compatible for Editor in 0.91 ms, found 1 plugins.
Preloading 0 native plugins for Editor in 0.00 ms.
Invoked RoslynAnalysisRunner static constructor.
RoslynAnalysisRunner will not be running.
RoslynAnalysisRunner has terminated.
Mono: successfully reloaded assembly
- Completed reload, in  1.754 seconds
Platform modules already initialized, skipping
Refreshing native plugins compatible for Editor in 1.45 ms, found 1 plugins.
Preloading 0 native plugins for Editor in 0.00 ms.
Unloading 3250 Unused Serialized files (Serialized files now loaded: 0)
System memory in use before: 174.3 MB.
System memory in use after: 172.1 MB.

Unloading 50 unused Assets to reduce memory usage. Loaded Objects now: 4096.
Total: 6.063600 ms (FindLiveObjects: 0.548600 ms CreateObjectMapping: 0.126900 ms MarkObjects: 3.246600 ms  DeleteObjects: 2.139700 ms)

========================================================================
Received Prepare
Registering precompiled user dll's ...
Registered in 0.011597 seconds.
Begin MonoManager ReloadAssembly
Native extension for WindowsStandalone target not found
Refreshing native plugins compatible for Editor in 0.92 ms, found 1 plugins.
Preloading 0 native plugins for Editor in 0.00 ms.
Invoked RoslynAnalysisRunner static constructor.
RoslynAnalysisRunner will not be running.
RoslynAnalysisRunner has terminated.
Mono: successfully reloaded assembly
- Completed reload, in  1.655 seconds
Platform modules already initialized, skipping
Refreshing native plugins compatible for Editor in 0.92 ms, found 1 plugins.
Preloading 0 native plugins for Editor in 0.00 ms.
Unloading 3236 Unused Serialized files (Serialized files now loaded: 0)
System memory in use before: 173.6 MB.
System memory in use after: 171.4 MB.

Unloading 50 unused Assets to reduce memory usage. Loaded Objects now: 4098.
Total: 5.436500 ms (FindLiveObjects: 0.422400 ms CreateObjectMapping: 0.104000 ms MarkObjects: 2.664300 ms  DeleteObjects: 2.244300 ms)

========================================================================
Received Prepare
Registering precompiled user dll's ...
Registered in 0.011701 seconds.
Begin MonoManager ReloadAssembly
Native extension for WindowsStandalone target not found
Refreshing native plugins compatible for Editor in 0.99 ms, found 1 plugins.
Preloading 0 native plugins for Editor in 0.00 ms.
Invoked RoslynAnalysisRunner static constructor.
RoslynAnalysisRunner will not be running.
RoslynAnalysisRunner has terminated.
Mono: successfully reloaded assembly
- Completed reload, in  1.604 seconds
Platform modules already initialized, skipping
Refreshing native plugins compatible for Editor in 0.94 ms, found 1 plugins.
Preloading 0 native plugins for Editor in 0.00 ms.
Unloading 3236 Unused Serialized files (Serialized files now loaded: 0)
System memory in use before: 173.6 MB.
System memory in use after: 171.4 MB.

Unloading 50 unused Assets to reduce memory usage. Loaded Objects now: 4100.
Total: 6.214100 ms (FindLiveObjects: 0.455700 ms CreateObjectMapping: 0.109700 ms MarkObjects: 3.058800 ms  DeleteObjects: 2.588400 ms)

========================================================================
Received Prepare
Registering precompiled user dll's ...
Registered in 0.011410 seconds.
Begin MonoManager ReloadAssembly
Native extension for WindowsStandalone target not found
Refreshing native plugins compatible for Editor in 0.89 ms, found 1 plugins.
Preloading 0 native plugins for Editor in 0.00 ms.
Invoked RoslynAnalysisRunner static constructor.
RoslynAnalysisRunner will not be running.
RoslynAnalysisRunner has terminated.
Mono: successfully reloaded assembly
- Completed reload, in  1.673 seconds
Platform modules already initialized, skipping
Refreshing native plugins compatible for Editor in 0.94 ms, found 1 plugins.
Preloading 0 native plugins for Editor in 0.00 ms.
Unloading 3236 Unused Serialized files (Serialized files now loaded: 0)
System memory in use before: 173.6 MB.
System memory in use after: 171.4 MB.

Unloading 50 unused Assets to reduce memory usage. Loaded Objects now: 4102.
Total: 6.770600 ms (FindLiveObjects: 0.761000 ms CreateObjectMapping: 0.305500 ms MarkObjects: 3.180900 ms  DeleteObjects: 2.520900 ms)

========================================================================
Received Prepare
Registering precompiled user dll's ...
Registered in 0.011923 seconds.
Begin MonoManager ReloadAssembly
Native extension for WindowsStandalone target not found
Refreshing native plugins compatible for Editor in 0.90 ms, found 1 plugins.
Preloading 0 native plugins for Editor in 0.00 ms.
Invoked RoslynAnalysisRunner static constructor.
RoslynAnalysisRunner will not be running.
RoslynAnalysisRunner has terminated.
Mono: successfully reloaded assembly
- Completed reload, in  1.636 seconds
Platform modules already initialized, skipping
Refreshing native plugins compatible for Editor in 0.93 ms, found 1 plugins.
Preloading 0 native plugins for Editor in 0.00 ms.
Unloading 3236 Unused Serialized files (Serialized files now loaded: 0)
System memory in use before: 173.7 MB.
System memory in use after: 171.5 MB.

Unloading 50 unused Assets to reduce memory usage. Loaded Objects now: 4104.
Total: 6.067200 ms (FindLiveObjects: 0.470400 ms CreateObjectMapping: 0.136800 ms MarkObjects: 3.005500 ms  DeleteObjects: 2.453300 ms)

========================================================================
Received Prepare
Registering precompiled user dll's ...
Registered in 0.011692 seconds.
Begin MonoManager ReloadAssembly
Native extension for WindowsStandalone target not found
Refreshing native plugins compatible for Editor in 0.89 ms, found 1 plugins.
Preloading 0 native plugins for Editor in 0.00 ms.
Invoked RoslynAnalysisRunner static constructor.
RoslynAnalysisRunner will not be running.
RoslynAnalysisRunner has terminated.
Mono: successfully reloaded assembly
- Completed reload, in  1.617 seconds
Platform modules already initialized, skipping
Refreshing native plugins compatible for Editor in 0.94 ms, found 1 plugins.
Preloading 0 native plugins for Editor in 0.00 ms.
Unloading 3236 Unused Serialized files (Serialized files now loaded: 0)
System memory in use before: 173.6 MB.
System memory in use after: 171.4 MB.

Unloading 50 unused Assets to reduce memory usage. Loaded Objects now: 4106.
Total: 6.146800 ms (FindLiveObjects: 0.468800 ms CreateObjectMapping: 0.105300 ms MarkObjects: 3.060500 ms  DeleteObjects: 2.510800 ms)

========================================================================
Received Prepare
Registering precompiled user dll's ...
Registered in 0.011350 seconds.
Begin MonoManager ReloadAssembly
Native extension for WindowsStandalone target not found
Refreshing native plugins compatible for Editor in 0.90 ms, found 1 plugins.
Preloading 0 native plugins for Editor in 0.00 ms.
Invoked RoslynAnalysisRunner static constructor.
RoslynAnalysisRunner will not be running.
RoslynAnalysisRunner has terminated.
Mono: successfully reloaded assembly
- Completed reload, in  1.608 seconds
Platform modules already initialized, skipping
Refreshing native plugins compatible for Editor in 0.98 ms, found 1 plugins.
Preloading 0 native plugins for Editor in 0.00 ms.
Unloading 3236 Unused Serialized files (Serialized files now loaded: 0)
System memory in use before: 173.7 MB.
System memory in use after: 171.5 MB.

Unloading 50 unused Assets to reduce memory usage. Loaded Objects now: 4108.
Total: 5.725300 ms (FindLiveObjects: 0.445600 ms CreateObjectMapping: 0.106400 ms MarkObjects: 2.742500 ms  DeleteObjects: 2.429500 ms)

========================================================================
Received Prepare
Registering precompiled user dll's ...
Registered in 0.326318 seconds.
Begin MonoManager ReloadAssembly
Native extension for WindowsStandalone target not found
Refreshing native plugins compatible for Editor in 0.95 ms, found 1 plugins.
Preloading 0 native plugins for Editor in 0.00 ms.
Invoked RoslynAnalysisRunner static constructor.
RoslynAnalysisRunner will not be running.
RoslynAnalysisRunner has terminated.
Mono: successfully reloaded assembly
- Completed reload, in  2.848 seconds
Platform modules already initialized, skipping
Refreshing native plugins compatible for Editor in 0.91 ms, found 1 plugins.
Preloading 0 native plugins for Editor in 0.00 ms.
Unloading 3236 Unused Serialized files (Serialized files now loaded: 0)
System memory in use before: 173.7 MB.
System memory in use after: 171.5 MB.

Unloading 50 unused Assets to reduce memory usage. Loaded Objects now: 4110.
Total: 11.346700 ms (FindLiveObjects: 0.788100 ms CreateObjectMapping: 0.765300 ms MarkObjects: 5.684400 ms  DeleteObjects: 4.106000 ms)

========================================================================
Received Prepare
Registering precompiled user dll's ...
Registered in 0.011291 seconds.
Begin MonoManager ReloadAssembly
Native extension for WindowsStandalone target not found
Refreshing native plugins compatible for Editor in 1.54 ms, found 1 plugins.
Preloading 0 native plugins for Editor in 0.00 ms.
Invoked RoslynAnalysisRunner static constructor.
RoslynAnalysisRunner will not be running.
RoslynAnalysisRunner has terminated.
Mono: successfully reloaded assembly
- Completed reload, in  1.601 seconds
Platform modules already initialized, skipping
Refreshing native plugins compatible for Editor in 0.90 ms, found 1 plugins.
Preloading 0 native plugins for Editor in 0.00 ms.
Unloading 3236 Unused Serialized files (Serialized files now loaded: 0)
System memory in use before: 173.7 MB.
System memory in use after: 171.4 MB.

Unloading 50 unused Assets to reduce memory usage. Loaded Objects now: 4112.
Total: 5.811800 ms (FindLiveObjects: 0.439000 ms CreateObjectMapping: 0.110900 ms MarkObjects: 2.800000 ms  DeleteObjects: 2.460500 ms)

========================================================================
Received Import Request.
  Time since last request: 20278.749822 seconds.
  path: Assets/Resources/Prefabs/Raw Models/IS-7.blend
  artifactKey: Guid(5e10c679ddf38044488bd9f10b6ba1d8) Importer(815301076,1909f56bfc062723c751e8b465ee728b)
Start importing Assets/Resources/Prefabs/Raw Models/IS-7.blend using Guid(5e10c679ddf38044488bd9f10b6ba1d8) Importer(815301076,1909f56bfc062723c751e8b465ee728b)  -> (artifact id: '530338ad47e67f13e4337809cca9a622') in 1.469726 seconds
  Import took 1.479530 seconds .

========================================================================
Received Import Request.
  Time since last request: 24.952877 seconds.
  path: Assets/Resources/Prefabs/Raw Models/IS-8.blend
  artifactKey: Guid(46162a471ec520b40a69a16721e54b01) Importer(815301076,1909f56bfc062723c751e8b465ee728b)
Start importing Assets/Resources/Prefabs/Raw Models/IS-8.blend using Guid(46162a471ec520b40a69a16721e54b01) Importer(815301076,1909f56bfc062723c751e8b465ee728b)  -> (artifact id: '522a1667ec1dde2b64b8150d9710ac29') in 0.420351 seconds
  Import took 0.428031 seconds .

========================================================================
Received Import Request.
  Time since last request: 130.595454 seconds.
  path: Assets/Resources/Prefabs/AssembledPrefabs/IS-7.prefab
  artifactKey: Guid(cf1fa3d0193a0ef4a9aebb3009c71c8d) Importer(815301076,1909f56bfc062723c751e8b465ee728b)
Start importing Assets/Resources/Prefabs/AssembledPrefabs/IS-7.prefab using Guid(cf1fa3d0193a0ef4a9aebb3009c71c8d) Importer(815301076,1909f56bfc062723c751e8b465ee728b)  -> (artifact id: '8d7615c9d76f7da8045b53f255b4cc51') in 0.341351 seconds
  Import took 0.350722 seconds .

========================================================================
Received Prepare
Registering precompiled user dll's ...
Registered in 0.011514 seconds.
Begin MonoManager ReloadAssembly
Native extension for WindowsStandalone target not found
Refreshing native plugins compatible for Editor in 0.89 ms, found 1 plugins.
Preloading 0 native plugins for Editor in 0.00 ms.
Invoked RoslynAnalysisRunner static constructor.
RoslynAnalysisRunner will not be running.
RoslynAnalysisRunner has terminated.
Mono: successfully reloaded assembly
- Completed reload, in  1.722 seconds
Platform modules already initialized, skipping
Refreshing native plugins compatible for Editor in 0.92 ms, found 1 plugins.
Preloading 0 native plugins for Editor in 0.00 ms.
Unloading 3236 Unused Serialized files (Serialized files now loaded: 0)
System memory in use before: 174.4 MB.
System memory in use after: 172.2 MB.

Unloading 50 unused Assets to reduce memory usage. Loaded Objects now: 4216.
Total: 5.747900 ms (FindLiveObjects: 0.479100 ms CreateObjectMapping: 0.105800 ms MarkObjects: 2.784100 ms  DeleteObjects: 2.376700 ms)

========================================================================
Received Prepare
Registering precompiled user dll's ...
Registered in 0.011426 seconds.
Begin MonoManager ReloadAssembly
Native extension for WindowsStandalone target not found
Refreshing native plugins compatible for Editor in 0.86 ms, found 1 plugins.
Preloading 0 native plugins for Editor in 0.00 ms.
Invoked RoslynAnalysisRunner static constructor.
RoslynAnalysisRunner will not be running.
RoslynAnalysisRunner has terminated.
Mono: successfully reloaded assembly
- Completed reload, in  1.626 seconds
Platform modules already initialized, skipping
Refreshing native plugins compatible for Editor in 0.92 ms, found 1 plugins.
Preloading 0 native plugins for Editor in 0.00 ms.
Unloading 3236 Unused Serialized files (Serialized files now loaded: 0)
System memory in use before: 174.2 MB.
System memory in use after: 172.0 MB.

Unloading 50 unused Assets to reduce memory usage. Loaded Objects now: 4218.
Total: 6.707600 ms (FindLiveObjects: 0.784800 ms CreateObjectMapping: 0.259600 ms MarkObjects: 3.156800 ms  DeleteObjects: 2.505000 ms)

========================================================================
Received Prepare
Registering precompiled user dll's ...
Registered in 0.011604 seconds.
Begin MonoManager ReloadAssembly
Native extension for WindowsStandalone target not found
Refreshing native plugins compatible for Editor in 0.90 ms, found 1 plugins.
Preloading 0 native plugins for Editor in 0.00 ms.
Invoked RoslynAnalysisRunner static constructor.
RoslynAnalysisRunner will not be running.
RoslynAnalysisRunner has terminated.
Mono: successfully reloaded assembly
- Completed reload, in  1.626 seconds
Platform modules already initialized, skipping
Refreshing native plugins compatible for Editor in 0.95 ms, found 1 plugins.
Preloading 0 native plugins for Editor in 0.00 ms.
Unloading 3236 Unused Serialized files (Serialized files now loaded: 0)
System memory in use before: 174.1 MB.
System memory in use after: 171.9 MB.

Unloading 50 unused Assets to reduce memory usage. Loaded Objects now: 4220.
Total: 5.805200 ms (FindLiveObjects: 0.452500 ms CreateObjectMapping: 0.106700 ms MarkObjects: 2.805500 ms  DeleteObjects: 2.439100 ms)

========================================================================
Received Prepare
Registering precompiled user dll's ...
Registered in 0.011577 seconds.
Begin MonoManager ReloadAssembly
Native extension for WindowsStandalone target not found
Refreshing native plugins compatible for Editor in 0.90 ms, found 1 plugins.
Preloading 0 native plugins for Editor in 0.00 ms.
Invoked RoslynAnalysisRunner static constructor.
RoslynAnalysisRunner will not be running.
RoslynAnalysisRunner has terminated.
Mono: successfully reloaded assembly
- Completed reload, in  1.593 seconds
Platform modules already initialized, skipping
Refreshing native plugins compatible for Editor in 0.90 ms, found 1 plugins.
Preloading 0 native plugins for Editor in 0.00 ms.
Unloading 3236 Unused Serialized files (Serialized files now loaded: 0)
System memory in use before: 174.2 MB.
System memory in use after: 172.0 MB.

Unloading 50 unused Assets to reduce memory usage. Loaded Objects now: 4222.
Total: 6.368600 ms (FindLiveObjects: 0.515400 ms CreateObjectMapping: 0.123300 ms MarkObjects: 3.177100 ms  DeleteObjects: 2.550800 ms)

========================================================================
Received Prepare
Registering precompiled user dll's ...
Registered in 0.011637 seconds.
Begin MonoManager ReloadAssembly
Native extension for WindowsStandalone target not found
Refreshing native plugins compatible for Editor in 0.89 ms, found 1 plugins.
Preloading 0 native plugins for Editor in 0.00 ms.
Invoked RoslynAnalysisRunner static constructor.
RoslynAnalysisRunner will not be running.
RoslynAnalysisRunner has terminated.
Mono: successfully reloaded assembly
- Completed reload, in  1.653 seconds
Platform modules already initialized, skipping
Refreshing native plugins compatible for Editor in 0.95 ms, found 1 plugins.
Preloading 0 native plugins for Editor in 0.00 ms.
Unloading 3236 Unused Serialized files (Serialized files now loaded: 0)
System memory in use before: 174.2 MB.
System memory in use after: 172.0 MB.

Unloading 50 unused Assets to reduce memory usage. Loaded Objects now: 4224.
Total: 5.993600 ms (FindLiveObjects: 0.431700 ms CreateObjectMapping: 0.106000 ms MarkObjects: 3.005300 ms  DeleteObjects: 2.449300 ms)

========================================================================
Received Prepare
Registering precompiled user dll's ...
Registered in 0.011653 seconds.
Begin MonoManager ReloadAssembly
Native extension for WindowsStandalone target not found
Refreshing native plugins compatible for Editor in 0.89 ms, found 1 plugins.
Preloading 0 native plugins for Editor in 0.00 ms.
Invoked RoslynAnalysisRunner static constructor.
RoslynAnalysisRunner will not be running.
RoslynAnalysisRunner has terminated.
Mono: successfully reloaded assembly
- Completed reload, in  1.623 seconds
Platform modules already initialized, skipping
Refreshing native plugins compatible for Editor in 0.90 ms, found 1 plugins.
Preloading 0 native plugins for Editor in 0.00 ms.
Unloading 3236 Unused Serialized files (Serialized files now loaded: 0)
System memory in use before: 174.2 MB.
System memory in use after: 172.0 MB.

Unloading 50 unused Assets to reduce memory usage. Loaded Objects now: 4226.
Total: 6.364300 ms (FindLiveObjects: 0.498100 ms CreateObjectMapping: 0.106300 ms MarkObjects: 3.216800 ms  DeleteObjects: 2.540900 ms)

========================================================================
Received Prepare
Registering precompiled user dll's ...
Registered in 0.012171 seconds.
Begin MonoManager ReloadAssembly
Native extension for WindowsStandalone target not found
Refreshing native plugins compatible for Editor in 0.90 ms, found 1 plugins.
Preloading 0 native plugins for Editor in 0.00 ms.
Invoked RoslynAnalysisRunner static constructor.
RoslynAnalysisRunner will not be running.
RoslynAnalysisRunner has terminated.
Mono: successfully reloaded assembly
- Completed reload, in  1.615 seconds
Platform modules already initialized, skipping
Refreshing native plugins compatible for Editor in 0.99 ms, found 1 plugins.
Preloading 0 native plugins for Editor in 0.00 ms.
Unloading 3236 Unused Serialized files (Serialized files now loaded: 0)
System memory in use before: 174.2 MB.
System memory in use after: 172.0 MB.

Unloading 50 unused Assets to reduce memory usage. Loaded Objects now: 4228.
Total: 7.019700 ms (FindLiveObjects: 0.505600 ms CreateObjectMapping: 0.130100 ms MarkObjects: 3.753800 ms  DeleteObjects: 2.628600 ms)

========================================================================
Received Prepare
Registering precompiled user dll's ...
Registered in 0.011631 seconds.
Begin MonoManager ReloadAssembly
Native extension for WindowsStandalone target not found
Refreshing native plugins compatible for Editor in 0.91 ms, found 1 plugins.
Preloading 0 native plugins for Editor in 0.00 ms.
Invoked RoslynAnalysisRunner static constructor.
RoslynAnalysisRunner will not be running.
RoslynAnalysisRunner has terminated.
Mono: successfully reloaded assembly
- Completed reload, in  1.682 seconds
Platform modules already initialized, skipping
Refreshing native plugins compatible for Editor in 0.93 ms, found 1 plugins.
Preloading 0 native plugins for Editor in 0.00 ms.
Unloading 3236 Unused Serialized files (Serialized files now loaded: 0)
System memory in use before: 174.2 MB.
System memory in use after: 172.0 MB.

Unloading 50 unused Assets to reduce memory usage. Loaded Objects now: 4230.
Total: 6.055600 ms (FindLiveObjects: 0.589200 ms CreateObjectMapping: 0.117900 ms MarkObjects: 2.842100 ms  DeleteObjects: 2.504900 ms)

========================================================================
Received Import Request.
  Time since last request: 752.680639 seconds.
  path: Assets/Resources/Prefabs/Raw Models/IS-7.blend
  artifactKey: Guid(5e10c679ddf38044488bd9f10b6ba1d8) Importer(815301076,1909f56bfc062723c751e8b465ee728b)
Start importing Assets/Resources/Prefabs/Raw Models/IS-7.blend using Guid(5e10c679ddf38044488bd9f10b6ba1d8) Importer(815301076,1909f56bfc062723c751e8b465ee728b)  -> (artifact id: 'f0f2f6cd31a0f91f284c642137c5f66e') in 1.031032 seconds
  Import took 1.038523 seconds .

========================================================================
Received Prepare
Registering precompiled user dll's ...
Registered in 0.011449 seconds.
Begin MonoManager ReloadAssembly
Native extension for WindowsStandalone target not found
Refreshing native plugins compatible for Editor in 0.91 ms, found 1 plugins.
Preloading 0 native plugins for Editor in 0.00 ms.
Invoked RoslynAnalysisRunner static constructor.
RoslynAnalysisRunner will not be running.
RoslynAnalysisRunner has terminated.
Mono: successfully reloaded assembly
- Completed reload, in  1.755 seconds
Platform modules already initialized, skipping
Refreshing native plugins compatible for Editor in 0.92 ms, found 1 plugins.
Preloading 0 native plugins for Editor in 0.00 ms.
Unloading 3236 Unused Serialized files (Serialized files now loaded: 0)
System memory in use before: 174.5 MB.
System memory in use after: 172.3 MB.

Unloading 50 unused Assets to reduce memory usage. Loaded Objects now: 4334.
Total: 6.218300 ms (FindLiveObjects: 0.510800 ms CreateObjectMapping: 0.122500 ms MarkObjects: 3.139500 ms  DeleteObjects: 2.444400 ms)

========================================================================
Received Prepare
Registering precompiled user dll's ...
Registered in 0.011373 seconds.
Begin MonoManager ReloadAssembly
Native extension for WindowsStandalone target not found
Refreshing native plugins compatible for Editor in 0.90 ms, found 1 plugins.
Preloading 0 native plugins for Editor in 0.00 ms.
Invoked RoslynAnalysisRunner static constructor.
RoslynAnalysisRunner will not be running.
RoslynAnalysisRunner has terminated.
Mono: successfully reloaded assembly
- Completed reload, in  1.683 seconds
Platform modules already initialized, skipping
Refreshing native plugins compatible for Editor in 0.90 ms, found 1 plugins.
Preloading 0 native plugins for Editor in 0.00 ms.
Unloading 3236 Unused Serialized files (Serialized files now loaded: 0)
System memory in use before: 174.6 MB.
System memory in use after: 172.4 MB.

Unloading 50 unused Assets to reduce memory usage. Loaded Objects now: 4336.
Total: 6.633100 ms (FindLiveObjects: 0.534100 ms CreateObjectMapping: 0.118200 ms MarkObjects: 3.328900 ms  DeleteObjects: 2.650300 ms)

========================================================================
Received Prepare
Registering precompiled user dll's ...
Registered in 0.011944 seconds.
Begin MonoManager ReloadAssembly
Native extension for WindowsStandalone target not found
Refreshing native plugins compatible for Editor in 0.89 ms, found 1 plugins.
Preloading 0 native plugins for Editor in 0.00 ms.
Invoked RoslynAnalysisRunner static constructor.
RoslynAnalysisRunner will not be running.
RoslynAnalysisRunner has terminated.
Mono: successfully reloaded assembly
- Completed reload, in  1.613 seconds
Platform modules already initialized, skipping
Refreshing native plugins compatible for Editor in 0.91 ms, found 1 plugins.
Preloading 0 native plugins for Editor in 0.00 ms.
Unloading 3236 Unused Serialized files (Serialized files now loaded: 0)
System memory in use before: 174.6 MB.
System memory in use after: 172.4 MB.

Unloading 50 unused Assets to reduce memory usage. Loaded Objects now: 4338.
Total: 6.070800 ms (FindLiveObjects: 0.502000 ms CreateObjectMapping: 0.108000 ms MarkObjects: 2.989600 ms  DeleteObjects: 2.470000 ms)

========================================================================
Received Prepare
Registering precompiled user dll's ...
Registered in 0.011252 seconds.
Begin MonoManager ReloadAssembly
Native extension for WindowsStandalone target not found
Refreshing native plugins compatible for Editor in 0.89 ms, found 1 plugins.
Preloading 0 native plugins for Editor in 0.00 ms.
Invoked RoslynAnalysisRunner static constructor.
RoslynAnalysisRunner will not be running.
RoslynAnalysisRunner has terminated.
Mono: successfully reloaded assembly
- Completed reload, in  1.687 seconds
Platform modules already initialized, skipping
Refreshing native plugins compatible for Editor in 0.92 ms, found 1 plugins.
Preloading 0 native plugins for Editor in 0.00 ms.
Unloading 3236 Unused Serialized files (Serialized files now loaded: 0)
System memory in use before: 174.6 MB.
System memory in use after: 172.4 MB.

Unloading 50 unused Assets to reduce memory usage. Loaded Objects now: 4340.
Total: 6.636100 ms (FindLiveObjects: 0.511600 ms CreateObjectMapping: 0.115700 ms MarkObjects: 3.383800 ms  DeleteObjects: 2.623400 ms)

========================================================================
Received Prepare
Registering precompiled user dll's ...
Registered in 0.011649 seconds.
Begin MonoManager ReloadAssembly
Native extension for WindowsStandalone target not found
Refreshing native plugins compatible for Editor in 0.90 ms, found 1 plugins.
Preloading 0 native plugins for Editor in 0.00 ms.
Invoked RoslynAnalysisRunner static constructor.
RoslynAnalysisRunner will not be running.
RoslynAnalysisRunner has terminated.
Mono: successfully reloaded assembly
- Completed reload, in  1.624 seconds
Platform modules already initialized, skipping
Refreshing native plugins compatible for Editor in 0.94 ms, found 1 plugins.
Preloading 0 native plugins for Editor in 0.00 ms.
Unloading 3236 Unused Serialized files (Serialized files now loaded: 0)
System memory in use before: 174.6 MB.
System memory in use after: 172.4 MB.

Unloading 50 unused Assets to reduce memory usage. Loaded Objects now: 4342.
Total: 6.094200 ms (FindLiveObjects: 0.497800 ms CreateObjectMapping: 0.115300 ms MarkObjects: 2.994000 ms  DeleteObjects: 2.485800 ms)

========================================================================
Received Prepare
Registering precompiled user dll's ...
Registered in 0.011327 seconds.
Begin MonoManager ReloadAssembly
Native extension for WindowsStandalone target not found
Refreshing native plugins compatible for Editor in 0.91 ms, found 1 plugins.
Preloading 0 native plugins for Editor in 0.00 ms.
Invoked RoslynAnalysisRunner static constructor.
RoslynAnalysisRunner will not be running.
RoslynAnalysisRunner has terminated.
Mono: successfully reloaded assembly
- Completed reload, in  1.626 seconds
Platform modules already initialized, skipping
Refreshing native plugins compatible for Editor in 0.89 ms, found 1 plugins.
Preloading 0 native plugins for Editor in 0.00 ms.
Unloading 3236 Unused Serialized files (Serialized files now loaded: 0)
System memory in use before: 174.6 MB.
System memory in use after: 172.4 MB.

Unloading 50 unused Assets to reduce memory usage. Loaded Objects now: 4344.
Total: 6.288500 ms (FindLiveObjects: 0.446700 ms CreateObjectMapping: 0.107700 ms MarkObjects: 3.232700 ms  DeleteObjects: 2.500200 ms)

========================================================================
Received Prepare
Registering precompiled user dll's ...
Registered in 0.011354 seconds.
Begin MonoManager ReloadAssembly
Native extension for WindowsStandalone target not found
Refreshing native plugins compatible for Editor in 0.89 ms, found 1 plugins.
Preloading 0 native plugins for Editor in 0.00 ms.
Invoked RoslynAnalysisRunner static constructor.
RoslynAnalysisRunner will not be running.
RoslynAnalysisRunner has terminated.
Mono: successfully reloaded assembly
- Completed reload, in  1.605 seconds
Platform modules already initialized, skipping
Refreshing native plugins compatible for Editor in 0.94 ms, found 1 plugins.
Preloading 0 native plugins for Editor in 0.00 ms.
Unloading 3236 Unused Serialized files (Serialized files now loaded: 0)
System memory in use before: 174.6 MB.
System memory in use after: 172.4 MB.

Unloading 50 unused Assets to reduce memory usage. Loaded Objects now: 4346.
Total: 6.578700 ms (FindLiveObjects: 0.511800 ms CreateObjectMapping: 0.111600 ms MarkObjects: 3.370700 ms  DeleteObjects: 2.582900 ms)

========================================================================
Received Prepare
Registering precompiled user dll's ...
Registered in 0.011307 seconds.
Begin MonoManager ReloadAssembly
Native extension for WindowsStandalone target not found
Refreshing native plugins compatible for Editor in 0.92 ms, found 1 plugins.
Preloading 0 native plugins for Editor in 0.00 ms.
Invoked RoslynAnalysisRunner static constructor.
RoslynAnalysisRunner will not be running.
RoslynAnalysisRunner has terminated.
Mono: successfully reloaded assembly
- Completed reload, in  1.617 seconds
Platform modules already initialized, skipping
Refreshing native plugins compatible for Editor in 0.91 ms, found 1 plugins.
Preloading 0 native plugins for Editor in 0.00 ms.
Unloading 3236 Unused Serialized files (Serialized files now loaded: 0)
System memory in use before: 174.6 MB.
System memory in use after: 172.4 MB.

Unloading 50 unused Assets to reduce memory usage. Loaded Objects now: 4348.
Total: 6.239700 ms (FindLiveObjects: 0.464200 ms CreateObjectMapping: 0.103900 ms MarkObjects: 3.198000 ms  DeleteObjects: 2.472300 ms)

AssetImportWorkerClient::OnTransportError - code=2 error=End of file
